Unity Editor version:    2022.3.13f1 (5f90a5ebde0f)
Branch:                  2022.3/staging
Build type:              Release
Batch mode:              YES
macOS version:           Version 14.0 (Build 23A344)
Darwin version:          23.0.0
Architecture:            arm64
Running under Rosetta:   NO
Available memory:        32768 MB
Using pre-set license
Pro License: YES

COMMAND LINE ARGUMENTS:
/Applications/Unity/Hub/Editor/2022.3.13f1/Unity.app/Contents/MacOS/Unity
-adb2
-batchMode
-noUpm
-name
AssetImportWorker1
-projectPath
/Users/reun/RealProjects/Faraway Test
-logFile
Logs/AssetImportWorker1.log
-srvPort
54520
Successfully changed project path to: /Users/reun/RealProjects/Faraway Test
/Users/reun/RealProjects/Faraway Test
[UnityMemory] Configuration Parameters - Can be set up in boot.config
    "memorysetup-bucket-allocator-granularity=16"
    "memorysetup-bucket-allocator-bucket-count=8"
    "memorysetup-bucket-allocator-block-size=33554432"
    "memorysetup-bucket-allocator-block-count=8"
    "memorysetup-main-allocator-block-size=16777216"
    "memorysetup-thread-allocator-block-size=16777216"
    "memorysetup-gfx-main-allocator-block-size=16777216"
    "memorysetup-gfx-thread-allocator-block-size=16777216"
    "memorysetup-cache-allocator-block-size=4194304"
    "memorysetup-typetree-allocator-block-size=2097152"
    "memorysetup-profiler-bucket-allocator-granularity=16"
    "memorysetup-profiler-bucket-allocator-bucket-count=8"
    "memorysetup-profiler-bucket-allocator-block-size=33554432"
    "memorysetup-profiler-bucket-allocator-block-count=8"
    "memorysetup-profiler-allocator-block-size=16777216"
    "memorysetup-profiler-editor-allocator-block-size=1048576"
    "memorysetup-temp-allocator-size-main=16777216"
    "memorysetup-job-temp-allocator-block-size=2097152"
    "memorysetup-job-temp-allocator-block-size-background=1048576"
    "memorysetup-job-temp-allocator-reduction-small-platforms=262144"
    "memorysetup-allocator-temp-initial-block-size-main=262144"
    "memorysetup-allocator-temp-initial-block-size-worker=262144"
    "memorysetup-temp-allocator-size-background-worker=32768"
    "memorysetup-temp-allocator-size-job-worker=262144"
    "memorysetup-temp-allocator-size-preload-manager=33554432"
    "memorysetup-temp-allocator-size-nav-mesh-worker=65536"
    "memorysetup-temp-allocator-size-audio-worker=65536"
    "memorysetup-temp-allocator-size-cloud-worker=32768"
    "memorysetup-temp-allocator-size-gi-baking-worker=262144"
    "memorysetup-temp-allocator-size-gfx=262144"
Player connection [8043713280] Host "[IP] 192.168.175.158 [Port] 0 [Flags] 2 [Guid] 601551120 [EditorId] 601551120 [Version] 1048832 [Id] OSXEditor(0,MacBook-Pro-Andrej.local) [Debug] 1 [PackageName] OSXEditor [ProjectName] Editor" joined multi-casting on [225.0.0.222:54997]...

Player connection [8043713280] Host "[IP] 192.168.175.158 [Port] 0 [Flags] 2 [Guid] 601551120 [EditorId] 601551120 [Version] 1048832 [Id] OSXEditor(0,MacBook-Pro-Andrej.local) [Debug] 1 [PackageName] OSXEditor [ProjectName] Editor" joined alternative multi-casting on [225.0.0.222:34997]...

[Physics::Module] Initialized MultithreadedJobDispatcher with 9 workers.
Refreshing native plugins compatible for Editor in 4.97 ms, found 2 plugins.
Preloading 0 native plugins for Editor in 0.00 ms.
Initialize engine version: 2022.3.13f1 (5f90a5ebde0f)
[Subsystems] Discovering subsystems at path /Applications/Unity/Hub/Editor/2022.3.13f1/Unity.app/Contents/Resources/UnitySubsystems
[Subsystems] Discovering subsystems at path /Users/reun/RealProjects/Faraway Test/Assets
GfxDevice: creating device client; threaded=0; jobified=0
 preferred device: Apple M1 Max (high power)
Metal devices available: 1
0: Apple M1 Max (high power)
Using device Apple M1 Max (high power)
Initializing Metal device caps: Apple M1 Max
Initialize mono
Mono path[0] = '/Applications/Unity/Hub/Editor/2022.3.13f1/Unity.app/Contents/Managed'
Mono path[1] = '/Applications/Unity/Hub/Editor/2022.3.13f1/Unity.app/Contents/MonoBleedingEdge/lib/mono/unityjit-macos'
Mono config path = '/Applications/Unity/Hub/Editor/2022.3.13f1/Unity.app/Contents/MonoBleedingEdge/etc'
Using monoOptions --debugger-agent=transport=dt_socket,embedding=1,server=y,suspend=n,address=127.0.0.1:56212
Begin MonoManager ReloadAssembly
Registering precompiled unity dll's ...
Register platform support module: /Applications/Unity/Hub/Editor/2022.3.13f1/Unity.app/Contents/PlaybackEngines/MacStandaloneSupport/UnityEditor.OSXStandalone.Extensions.dll
Register platform support module: /Applications/Unity/Hub/Editor/2022.3.13f1/PlaybackEngines/AndroidPlayer/UnityEditor.Android.Extensions.dll
Registered in 0.001065 seconds.
- Loaded All Assemblies, in  0.189 seconds
Native extension for Android target not found
Android Extension - Scanning For ADB Devices 76 ms
Native extension for OSXStandalone target not found
Mono: successfully reloaded assembly
- Finished resetting the current domain, in  0.251 seconds
Domain Reload Profiling: 440ms
	BeginReloadAssembly (39ms)
		ExecutionOrderSort (0ms)
		DisableScriptedObjects (0ms)
		BackupInstance (0ms)
		ReleaseScriptingObjects (0ms)
		CreateAndSetChildDomain (0ms)
	RebuildCommonClasses (23ms)
	RebuildNativeTypeToScriptingClass (8ms)
	initialDomainReloadingComplete (27ms)
	LoadAllAssembliesAndSetupDomain (92ms)
		LoadAssemblies (39ms)
		RebuildTransferFunctionScriptingTraits (0ms)
		AnalyzeDomain (91ms)
			TypeCache.Refresh (90ms)
				TypeCache.ScanAssembly (82ms)
			ScanForSourceGeneratedMonoScriptInfo (0ms)
			ResolveRequiredComponents (0ms)
	FinalizeReload (252ms)
		ReleaseScriptCaches (0ms)
		RebuildScriptCaches (0ms)
		SetupLoadedEditorAssemblies (217ms)
			LogAssemblyErrors (0ms)
			InitializePlatformSupportModulesInManaged (142ms)
			SetLoadedEditorAssemblies (2ms)
			RefreshPlugins (0ms)
			BeforeProcessingInitializeOnLoad (1ms)
			ProcessInitializeOnLoadAttributes (48ms)
			ProcessInitializeOnLoadMethodAttributes (23ms)
			AfterProcessingInitializeOnLoad (0ms)
			EditorAssembliesLoaded (0ms)
		ExecutionOrderSort2 (0ms)
		AwakeInstancesAfterBackupRestoration (0ms)
========================================================================
Worker process is ready to serve import requests
Begin MonoManager ReloadAssembly
- Loaded All Assemblies, in  0.437 seconds
Refreshing native plugins compatible for Editor in 1.65 ms, found 2 plugins.
Native extension for Android target not found
Native extension for OSXStandalone target not found
Package Manager log level set to [2]
[Package Manager] Server::EnsureServerProcessIsRunning -- launch failed, reason: Unity was launched with the -noUpm command-line argument
[Package Manager] UpmClient::Send -- Unable to send message (not connected to UPM process).
[Package Manager] Cannot connect to Unity Package Manager local server
Launching external process: /Applications/Unity/Hub/Editor/2022.3.13f1/Unity.app/Contents/Tools/UnityShaderCompiler
Launched and connected shader compiler UnityShaderCompiler after 0.05 seconds
Mono: successfully reloaded assembly
- Finished resetting the current domain, in  0.875 seconds
Domain Reload Profiling: 1313ms
	BeginReloadAssembly (69ms)
		ExecutionOrderSort (0ms)
		DisableScriptedObjects (3ms)
		BackupInstance (0ms)
		ReleaseScriptingObjects (0ms)
		CreateAndSetChildDomain (17ms)
	RebuildCommonClasses (22ms)
	RebuildNativeTypeToScriptingClass (8ms)
	initialDomainReloadingComplete (24ms)
	LoadAllAssembliesAndSetupDomain (315ms)
		LoadAssemblies (154ms)
		RebuildTransferFunctionScriptingTraits (0ms)
		AnalyzeDomain (190ms)
			TypeCache.Refresh (165ms)
				TypeCache.ScanAssembly (150ms)
			ScanForSourceGeneratedMonoScriptInfo (13ms)
			ResolveRequiredComponents (10ms)
	FinalizeReload (876ms)
		ReleaseScriptCaches (0ms)
		RebuildScriptCaches (0ms)
		SetupLoadedEditorAssemblies (751ms)
			LogAssemblyErrors (0ms)
			InitializePlatformSupportModulesInManaged (12ms)
			SetLoadedEditorAssemblies (2ms)
			RefreshPlugins (0ms)
			BeforeProcessingInitializeOnLoad (61ms)
			ProcessInitializeOnLoadAttributes (470ms)
			ProcessInitializeOnLoadMethodAttributes (205ms)
			AfterProcessingInitializeOnLoad (1ms)
			EditorAssembliesLoaded (0ms)
		ExecutionOrderSort2 (0ms)
		AwakeInstancesAfterBackupRestoration (2ms)
Refreshing native plugins compatible for Editor in 1.52 ms, found 2 plugins.
Preloading 0 native plugins for Editor in 0.00 ms.
Unloading 6332 Unused Serialized files (Serialized files now loaded: 0)
Unloading 120 unused Assets / (444.8 KB). Loaded Objects now: 6852.
Memory consumption went from 275.0 MB to 274.5 MB.
Total: 14.334166 ms (FindLiveObjects: 0.157959 ms CreateObjectMapping: 0.071875 ms MarkObjects: 13.864875 ms  DeleteObjects: 0.238791 ms)

AssetImportParameters requested are different than current active one (requested -> active):
  custom:container-demuxer-ogg: 62fdf1f143b41e24485cea50d1cbac27 -> 
  custom:container-muxer-webm: aa71ff27fc2769a1b78a27578f13a17b -> 
  custom:video-decoder-webm-vp8: 9c59270c3fd7afecdb556c50c9e8de78 -> 
  custom:SearchIndexIgnoredProperties: e643bd26f0fe6173181afceb89e7c659 -> 
  custom:AudioImporter_EditorPlatform: 3918e3fc78b5a79bad01e8451be0beb8 -> 
  custom:audio-decoder-ogg-vorbis: bf7c407c2cedff20999df2af8eb42d56 -> 
  custom:audio-encoder-webm-vorbis: bf7c407c2cedff20999df2af8eb42d56 -> 
  custom:video-decoder-ogg-theora: a1e56fd34408186e4bbccfd4996cb3dc -> 
  custom:CustomObjectIndexerAttribute: a3ef5dd2817f97addfee359851a9dba5 -> 
  custom:container-demuxer-webm: 4f35f7cbe854078d1ac9338744f61a02 -> 
  custom:framework-osx-AVFoundation: e770b220cccbd017edd2c1fefb359320 -> 
  custom:video-encoder-webm-vp8: eb34c28f22e8b96e1ab97ce403110664 -> 
========================================================================
Received Import Request.
  Time since last request: 72258.670163 seconds.
  path: Assets/Settings/GameSettings/GameSettingsInstaller.asset
  artifactKey: Guid(2fdbbfb92e4b24390a21ed948951f08d) Importer(815301076,1909f56bfc062723c751e8b465ee728b)
Start importing Assets/Settings/GameSettings/GameSettingsInstaller.asset using Guid(2fdbbfb92e4b24390a21ed948951f08d) Importer(815301076,1909f56bfc062723c751e8b465ee728b)  -> (artifact id: '649003ea006ba8bc0d2992c83fa73f02') in 0.020900 seconds
Number of updated asset objects reloaded before import = 0
Number of asset objects unloaded after import = 147
========================================================================
Received Prepare
Begin MonoManager ReloadAssembly
Thread 0x2bef87000 may have been prematurely finalized
- Loaded All Assemblies, in  0.284 seconds
Refreshing native plugins compatible for Editor in 1.93 ms, found 2 plugins.
Native extension for Android target not found
Native extension for OSXStandalone target not found
[Package Manager] Server::EnsureServerProcessIsRunning -- launch failed, reason: Unity was launched with the -noUpm command-line argument
[Package Manager] UpmClient::Send -- Unable to send message (not connected to UPM process).
[Package Manager] Cannot connect to Unity Package Manager local server
Mono: successfully reloaded assembly
- Finished resetting the current domain, in  0.877 seconds
Domain Reload Profiling: 1161ms
	BeginReloadAssembly (99ms)
		ExecutionOrderSort (0ms)
		DisableScriptedObjects (3ms)
		BackupInstance (0ms)
		ReleaseScriptingObjects (0ms)
		CreateAndSetChildDomain (43ms)
	RebuildCommonClasses (23ms)
	RebuildNativeTypeToScriptingClass (8ms)
	initialDomainReloadingComplete (16ms)
	LoadAllAssembliesAndSetupDomain (138ms)
		LoadAssemblies (151ms)
		RebuildTransferFunctionScriptingTraits (0ms)
		AnalyzeDomain (17ms)
			TypeCache.Refresh (6ms)
				TypeCache.ScanAssembly (0ms)
			ScanForSourceGeneratedMonoScriptInfo (0ms)
			ResolveRequiredComponents (11ms)
	FinalizeReload (877ms)
		ReleaseScriptCaches (0ms)
		RebuildScriptCaches (0ms)
		SetupLoadedEditorAssemblies (627ms)
			LogAssemblyErrors (0ms)
			InitializePlatformSupportModulesInManaged (10ms)
			SetLoadedEditorAssemblies (2ms)
			RefreshPlugins (0ms)
			BeforeProcessingInitializeOnLoad (56ms)
			ProcessInitializeOnLoadAttributes (350ms)
			ProcessInitializeOnLoadMethodAttributes (208ms)
			AfterProcessingInitializeOnLoad (1ms)
			EditorAssembliesLoaded (1ms)
		ExecutionOrderSort2 (0ms)
		AwakeInstancesAfterBackupRestoration (13ms)
Refreshing native plugins compatible for Editor in 1.80 ms, found 2 plugins.
Preloading 0 native plugins for Editor in 0.00 ms.
Unloading 6160 Unused Serialized files (Serialized files now loaded: 0)
Unloading 66 unused Assets / (421.8 KB). Loaded Objects now: 6871.
Memory consumption went from 261.1 MB to 260.7 MB.
Total: 13.679084 ms (FindLiveObjects: 0.172042 ms CreateObjectMapping: 0.069625 ms MarkObjects: 13.282042 ms  DeleteObjects: 0.154667 ms)

Prepare: number of updated asset objects reloaded= 0
AssetImportParameters requested are different than current active one (requested -> active):
  custom:container-demuxer-ogg: 62fdf1f143b41e24485cea50d1cbac27 -> 
  custom:container-muxer-webm: aa71ff27fc2769a1b78a27578f13a17b -> 
  custom:video-decoder-webm-vp8: 9c59270c3fd7afecdb556c50c9e8de78 -> 
  custom:SearchIndexIgnoredProperties: e643bd26f0fe6173181afceb89e7c659 -> 
  custom:AudioImporter_EditorPlatform: 3918e3fc78b5a79bad01e8451be0beb8 -> 
  custom:audio-decoder-ogg-vorbis: bf7c407c2cedff20999df2af8eb42d56 -> 
  custom:audio-encoder-webm-vorbis: bf7c407c2cedff20999df2af8eb42d56 -> 
  custom:video-decoder-ogg-theora: a1e56fd34408186e4bbccfd4996cb3dc -> 
  custom:CustomObjectIndexerAttribute: a3ef5dd2817f97addfee359851a9dba5 -> 
  custom:container-demuxer-webm: 4f35f7cbe854078d1ac9338744f61a02 -> 
  custom:framework-osx-AVFoundation: e770b220cccbd017edd2c1fefb359320 -> 
  custom:video-encoder-webm-vp8: eb34c28f22e8b96e1ab97ce403110664 -> 
========================================================================
Received Prepare
Refreshing native plugins compatible for Editor in 1.97 ms, found 2 plugins.
Preloading 0 native plugins for Editor in 0.00 ms.
Unloading 4 Unused Serialized files (Serialized files now loaded: 0)
Unloading 4 unused Assets / (437.4 KB). Loaded Objects now: 6871.
Memory consumption went from 158.4 MB to 158.0 MB.
Total: 14.184666 ms (FindLiveObjects: 0.171875 ms CreateObjectMapping: 0.067375 ms MarkObjects: 13.849250 ms  DeleteObjects: 0.095667 ms)


=================================================================
	Native Crash Reporting
=================================================================
Got a segv while executing native code. This usually indicates
a fatal error in the mono runtime or one of the native libraries 
used by your application.
=================================================================

=================================================================
	Native stacktrace:
=================================================================
	0x13e14720c - /Applications/Unity/Hub/Editor/2022.3.13f1/Unity.app/Contents/Frameworks/MonoBleedingEdge/MonoEmbedRuntime/osx/libmonobdwgc-2.0.dylib : mono_dump_native_crash_info
	0x13e109708 - /Applications/Unity/Hub/Editor/2022.3.13f1/Unity.app/Contents/Frameworks/MonoBleedingEdge/MonoEmbedRuntime/osx/libmonobdwgc-2.0.dylib : mono_handle_native_crash
	0x13e091ea4 - /Applications/Unity/Hub/Editor/2022.3.13f1/Unity.app/Contents/Frameworks/MonoBleedingEdge/MonoEmbedRuntime/osx/libmonobdwgc-2.0.dylib : mono_sigsegv_signal_handler_debug
	0x18847da24 - /usr/lib/system/libsystem_platform.dylib : _sigtramp
	0x100d7aa40 - /Applications/Unity/Hub/Editor/2022.3.13f1/Unity.app/Contents/MacOS/Unity : _ZNK4core8hash_setINS_4pairIKNS_12basic_stringIcNS_20StringStorageDefaultIcEEEEN8keywords12LocalKeywordELb1EEENS_9hash_pairINS_4hashIS5_EES6_S8_EENS_10equal_pairINSt3__18equal_toIS5_EES6_S8_EEE6lookupIS5_SI_EEPNSJ_4nodeERKT_RKT0_
	0x100d77350 - /Applications/Unity/Hub/Editor/2022.3.13f1/Unity.app/Contents/MacOS/Unity : _ZN8keywords12KeywordRemap4InitERKNS_10LocalSpaceES3_
	0x100d7d038 - /Applications/Unity/Hub/Editor/2022.3.13f1/Unity.app/Contents/MacOS/Unity : _ZN9ShaderLab9IntShader15ResolveFallbackERKNS_16SerializedShaderEP6ShaderR13dynamic_arrayI4PPtrIS4_ELm0EEb
	0x100d492ac - /Applications/Unity/Hub/Editor/2022.3.13f1/Unity.app/Contents/MacOS/Unity : _ZN9ShaderLab9IntShader36CreateFromSerializedShaderMainThreadEPS0_RKNS_16SerializedShaderER13dynamic_arrayI4PPtrI6ShaderELm0EEbPS7_
	0x100d4cfc0 - /Applications/Unity/Hub/Editor/2022.3.13f1/Unity.app/Contents/MacOS/Unity : _Z36ShaderFromSerializedShaderMainThreadPN9ShaderLab9IntShaderEPKNS_16SerializedShaderER13dynamic_arrayI4PPtrI6ShaderELm0EEbPS7_
	0x102780350 - /Applications/Unity/Hub/Editor/2022.3.13f1/Unity.app/Contents/MacOS/Unity : _ZN6Shader20CreateFromParsedFormEv
	0x10278061c - /Applications/Unity/Hub/Editor/2022.3.13f1/Unity.app/Contents/MacOS/Unity : _ZN6Shader13AwakeFromLoadE17AwakeFromLoadMode
	0x1010cb3a0 - /Applications/Unity/Hub/Editor/2022.3.13f1/Unity.app/Contents/MacOS/Unity : _ZN18AwakeFromLoadQueue28InvokePersistentManagerAwakeEPNS_4ItemEj17AwakeFromLoadModeb
	0x1010cb0ac - /Applications/Unity/Hub/Editor/2022.3.13f1/Unity.app/Contents/MacOS/Unity : _ZN18AwakeFromLoadQueue41PersistentManagerSingleQueueAwakeFromLoadEi17AwakeFromLoadMode
	0x1010cade8 - /Applications/Unity/Hub/Editor/2022.3.13f1/Unity.app/Contents/MacOS/Unity : _ZN18AwakeFromLoadQueue39PersistentManagerAwakeFromLoad_NoChecksE17AwakeFromLoadMode
	0x1010a01c0 - /Applications/Unity/Hub/Editor/2022.3.13f1/Unity.app/Contents/MacOS/Unity : _ZN17PersistentManager27IntegrateAllThreadedObjectsEv
	0x1010a0fec - /Applications/Unity/Hub/Editor/2022.3.13f1/Unity.app/Contents/MacOS/Unity : _ZN17PersistentManager38LoadAndIntegrateAllPreallocatedObjectsENS_9LockFlagsE
	0x1010a2bcc - /Applications/Unity/Hub/Editor/2022.3.13f1/Unity.app/Contents/MacOS/Unity : _ZN17PersistentManager11LoadObjectsEPKiib
	0x1023f4c34 - /Applications/Unity/Hub/Editor/2022.3.13f1/Unity.app/Contents/MacOS/Unity : _Z15ReloadInstancesRK13dynamic_arrayIiLm0EERKN4core8hash_mapIi17ScriptingGCHandleNS3_4hashIiEENSt3__18equal_toIiEEEE
	0x1023f6bc8 - /Applications/Unity/Hub/Editor/2022.3.13f1/Unity.app/Contents/MacOS/Unity : _Z19ReloadAssetIfLoadedRK9UnityGUID
	0x1023bae5c - /Applications/Unity/Hub/Editor/2022.3.13f1/Unity.app/Contents/MacOS/Unity : ___ZZN23AssetImportWorkerClient13HandleMessageERK14PrepareMessageENK3$_4clEv_block_invoke
	0x1882a1910 - /usr/lib/system/libdispatch.dylib : _dispatch_client_callout
	0x1882b0d9c - /usr/lib/system/libdispatch.dylib : _dispatch_async_and_wait_invoke
	0x1882a1910 - /usr/lib/system/libdispatch.dylib : _dispatch_client_callout
	0x1882affa8 - /usr/lib/system/libdispatch.dylib : _dispatch_main_queue_drain
	0x1882afbc0 - /usr/lib/system/libdispatch.dylib : _dispatch_main_queue_callback_4CF
	0x18856d220 - /System/Library/Frameworks/CoreFoundation.framework/Versions/A/CoreFoundation : __CFRUNLOOP_IS_SERVICING_THE_MAIN_DISPATCH_QUEUE__
	0x18852aaac - /System/Library/Frameworks/CoreFoundation.framework/Versions/A/CoreFoundation : __CFRunLoopRun
	0x188529c2c - /System/Library/Frameworks/CoreFoundation.framework/Versions/A/CoreFoundation : CFRunLoopRunSpecific
	0x192a82448 - /System/Library/Frameworks/Carbon.framework/Versions/A/Frameworks/HIToolbox.framework/Versions/A/HIToolbox : RunCurrentEventLoopInMode
	0x192a82284 - /System/Library/Frameworks/Carbon.framework/Versions/A/Frameworks/HIToolbox.framework/Versions/A/HIToolbox : ReceiveNextEventCommon
	0x192a81fdc - /System/Library/Frameworks/Carbon.framework/Versions/A/Frameworks/HIToolbox.framework/Versions/A/HIToolbox : _BlockUntilNextEventMatchingListInModeWithFilter
	0x18bd04f90 - /System/Library/Frameworks/AppKit.framework/Versions/C/AppKit : _DPSNextEvent
	0x18c4d8b94 - /System/Library/Frameworks/AppKit.framework/Versions/C/AppKit : -[NSApplication(NSEventRouting) _nextEventMatchingEventMask:untilDate:inMode:dequeue:]
	0x18bcf843c - /System/Library/Frameworks/AppKit.framework/Versions/C/AppKit : -[NSApplication run]
	0x18bccf708 - /System/Library/Frameworks/AppKit.framework/Versions/C/AppKit : NSApplicationMain
	0x102e19708 - /Applications/Unity/Hub/Editor/2022.3.13f1/Unity.app/Contents/MacOS/Unity : _Z10EditorMainiPPKc
	0x102e19a54 - /Applications/Unity/Hub/Editor/2022.3.13f1/Unity.app/Contents/MacOS/Unity : main
	0x1880d5058 - /usr/lib/dyld : start

=================================================================
	Telemetry Dumper:
=================================================================
Pkilling 0x12209123328x from 0x8043713280x
Pkilling 0x6342914048x from 0x8043713280x
Pkilling 0x12209696768x from 0x8043713280x
Pkilling 0x6312505344x from 0x8043713280x
Pkilling 0x6340767744x from 0x8043713280x
Entering thread summarizer pause from 0x8043713280x
Finished thread summarizer pause from 0x8043713280x.
Failed to create breadcrumb file (null)/crash_hash_0x0
debugger-agent: Unable to listen on 39

Waiting for dumping threads to resume

=================================================================
	External Debugger Dump:
=================================================================

=================================================================
	Basic Fault Address Reporting
=================================================================
Memory around native instruction pointer (0x100d7aa54):0x100d7aa44  88 0a 40 b9 0b 01 00 0a 8a 02 40 f9 40 01 0b 8b  ..@.......@.@...
0x100d7aa54  0c 00 40 b9 9f 01 09 6b 21 04 00 54 6f 82 40 39  ..@....k!..To.@9
0x100d7aa64  6d 62 80 39 10 03 80 52 0d 02 0d cb 6e 0a 40 f9  mb.9...R....n.@.
0x100d7aa74  ff 05 00 71 ad 01 8e 9a 0e a0 40 39 11 80 80 39  ...q......@9...9

=================================================================
	Managed Stacktrace:
=================================================================
=================================================================
Obtained 34 stack frames.
#0  0x00000100d7aa54 in core::hash_set<core::pair<core::basic_string<char, core::StringStorageDefault<char>> const, keywords::LocalKeyword, true>, core::hash_pair<core::hash<core::basic_string<char, core::StringStorageDefault<char>>>, core::basic_string<char, core::StringStorageDefault<char>> const, keywords::LocalKeyword>, core::equal_pair<std::__1::equal_to<core::basic_string<char, core::StringStorageDefault<char>>>, core::basic_string<char, core::StringStorageDefault<char>> const, keywords::LocalKeyword>>::node* core::hash_set<core::pair<core::basic_string<char, core::StringStorageDefault<char>> const, keywords::LocalKeyword, true>, core::hash_pair<core::hash<core::basic_string<char, core::StringStorageDefault<char>>>, core::basic_string<char, core::StringStorageDefault<char>> const, keywords::LocalKeyword>, core::equal_pair<std::__1::equal_to<core::basic_string<char, core::StringStorageDefault<char>>>, core::basic_string<char, core::StringStorageDefault<char>> const, keywords::LocalKeyword>>::lookup<core::basic_string<char, core::StringStorageDefault<char>>, core::equal_pair<std::__1::equal_to<core::basic_string<char, core::StringStorageDefault<char>>>, core::basic_string<char, core::StringStorageDefault<char>> const, keywords::LocalKeyword>>(core::basic_string<char, core::StringStorageDefault<char>> const&, core::equal_pair<std::__1::equal_to<core::basic_string<char, core::StringStorageDefault<char>>>, core::basic_string<char, core::StringStorageDefault<char>> const, keywords::LocalKeyword> const&) const
#1  0x00000100d77350 in keywords::KeywordRemap::Init(keywords::LocalSpace const&, keywords::LocalSpace const&)
#2  0x00000100d7d038 in ShaderLab::IntShader::ResolveFallback(ShaderLab::SerializedShader const&, Shader*, dynamic_array<PPtr<Shader>, 0ul>&, bool)
#3  0x00000100d492ac in ShaderLab::IntShader::CreateFromSerializedShaderMainThread(ShaderLab::IntShader*, ShaderLab::SerializedShader const&, dynamic_array<PPtr<Shader>, 0ul>&, bool, Shader*)
#4  0x00000100d4cfc0 in ShaderFromSerializedShaderMainThread(ShaderLab::IntShader*, ShaderLab::SerializedShader const*, dynamic_array<PPtr<Shader>, 0ul>&, bool, Shader*)
#5  0x00000102780350 in Shader::CreateFromParsedForm()
#6  0x0000010278061c in Shader::AwakeFromLoad(AwakeFromLoadMode)
#7  0x000001010cb3a0 in AwakeFromLoadQueue::InvokePersistentManagerAwake(AwakeFromLoadQueue::Item*, unsigned int, AwakeFromLoadMode, bool)
#8  0x000001010cb0ac in AwakeFromLoadQueue::PersistentManagerSingleQueueAwakeFromLoad(int, AwakeFromLoadMode)
#9  0x000001010cade8 in AwakeFromLoadQueue::PersistentManagerAwakeFromLoad_NoChecks(AwakeFromLoadMode)
#10 0x000001010a01c0 in PersistentManager::IntegrateAllThreadedObjects()
#11 0x000001010a0fec in PersistentManager::LoadAndIntegrateAllPreallocatedObjects(PersistentManager::LockFlags)
#12 0x000001010a2bcc in PersistentManager::LoadObjects(int const*, int, bool)
#13 0x000001023f4c34 in ReloadInstances(dynamic_array<int, 0ul> const&, core::hash_map<int, ScriptingGCHandle, core::hash<int>, std::__1::equal_to<int>> const&)
#14 0x000001023f6bc8 in ReloadAssetIfLoaded(UnityGUID const&)
#15 0x000001023bae5c in invocation function for block in AssetImportWorkerClient::HandleMessage(PrepareMessage const&)::$_4::operator()() const
#16 0x000001882a1910 in _dispatch_client_callout
#17 0x165b0001882b0d9c in _dispatch_async_and_wait_invoke
#18 0xc6580001882a1910 in _dispatch_client_callout
#19 0x22238001882affa8 in _dispatch_main_queue_drain
#20 0x27570001882afbc0 in _dispatch_main_queue_callback_4CF
#21 0xff4600018856d220 in __CFRUNLOOP_IS_SERVICING_THE_MAIN_DISPATCH_QUEUE__
#22 0x727b80018852aaac in __CFRunLoopRun
#23 0x154a800188529c2c in CFRunLoopRunSpecific
#24 0x8867000192a82448 in RunCurrentEventLoopInMode
#25 0x3d08800192a82284 in ReceiveNextEventCommon
#26 0xb10c000192a81fdc in _BlockUntilNextEventMatchingListInModeWithFilter
#27 0xfe7f00018bd04f90 in _DPSNextEvent
#28 0xf6900018c4d8b94 in -[NSApplication(NSEventRouting) _nextEventMatchingEventMask:untilDate:inMode:dequeue:]
#29 0xd30a00018bcf843c in -[NSApplication run]
#30 0x776100018bccf708 in NSApplicationMain
#31 0xca35000102e19708 in EditorMain(int, char const**)
#32 0x00000102e19a54 in main
#33 0x000001880d5058 in start
